<?xml version="1.0" encoding="utf-8"?><testsuites name="pytest tests"><testsuite name="pytest" errors="0" failures="0" skipped="0" tests="15" time="3.131" timestamp="2026-01-19T23:44:34.662055+00:00" hostname="agent-env-f15927b0-01cb-4037-b996-1b7e6361c013"><testcase classname="tests.test_api_endpoints.TestHealthCheck" name="test_health_endpoint" time="0.004" /><testcase classname="tests.test_api_endpoints.TestAuthentication" name="test_login_success" time="0.229" /><testcase classname="tests.test_api_endpoints.TestAuthentication" name="test_login_invalid_credentials" time="0.003" /><testcase classname="tests.test_api_endpoints.TestProjectCRUD" name="test_get_projects_list" time="0.238" /><testcase classname="tests.test_api_endpoints.TestProjectCRUD" name="test_get_project_by_id" time="0.235" /><testcase classname="tests.test_api_endpoints.TestProjectCRUD" name="test_put_project_update_with_trailing_slash" time="0.231" /><testcase classname="tests.test_api_endpoints.TestProjectCRUD" name="test_put_project_update_without_trailing_slash" time="0.237" /><testcase classname="tests.test_api_endpoints.TestRequirements" name="test_get_requirements_list" time="0.234" /><testcase classname="tests.test_api_endpoints.TestRequirements" name="test_post_create_requirement" time="0.237" /><testcase classname="tests.test_api_endpoints.TestRoadmap" name="test_get_roadmap" time="0.239" /><testcase classname="tests.test_api_endpoints.TestFeasibilityStudy" name="test_get_feasibility_studies" time="0.233" /><testcase classname="tests.test_api_endpoints.TestFeasibilityStudy" name="test_get_feasibility_sections" time="0.233" /><testcase classname="tests.test_api_endpoints.TestTasks" name="test_get_tasks_list" time="0.236" /><testcase classname="tests.test_api_endpoints.TestTasks" name="test_post_create_task" time="0.241" /><testcase classname="tests.test_api_endpoints.TestArtifacts" name="test_get_artifacts_list" time="0.237" /></testsuite></testsuites>